<?xml version="1.0" encoding="UTF-8"?>
<coverage generated="1585768190">
  <project timestamp="1585768190">
    <package name="Warlof\Seat\Connector\Drivers\Discord\Driver">
      <file name="H:\Users\elfaus\PhpstormProjects\seatng\plugins\seat-discord-connector\src\Driver\DiscordClient.php">
        <class name="Warlof\Seat\Connector\Drivers\Discord\Driver\DiscordClient" namespace="Warlof\Seat\Connector\Drivers\Discord\Driver" fullPackage="Warlof" package="Warlof">
          <metrics complexity="51" methods="11" coveredmethods="2" conditionals="0" coveredconditionals="0" statements="110" coveredstatements="30" elements="121" coveredelements="32"/>
        </class>
        <line num="86" type="method" name="__construct" visibility="private" complexity="1" crap="2" count="0"/>
        <line num="88" type="stmt" count="0"/>
        <line num="89" type="stmt" count="0"/>
        <line num="90" type="stmt" count="0"/>
        <line num="92" type="stmt" count="0"/>
        <line num="93" type="stmt" count="0"/>
        <line num="95" type="stmt" count="0"/>
        <line num="96" type="stmt" count="0"/>
        <line num="97" type="stmt" count="0"/>
        <line num="98" type="stmt" count="0"/>
        <line num="104" type="method" name="getInstance" visibility="public" complexity="12" crap="105.74" count="4"/>
        <line num="106" type="stmt" count="4"/>
        <line num="108" type="stmt" count="0"/>
        <line num="109" type="stmt" count="0"/>
        <line num="110" type="stmt" count="0"/>
        <line num="113" type="stmt" count="0"/>
        <line num="114" type="stmt" count="0"/>
        <line num="116" type="stmt" count="0"/>
        <line num="117" type="stmt" count="0"/>
        <line num="119" type="stmt" count="0"/>
        <line num="120" type="stmt" count="0"/>
        <line num="122" type="stmt" count="0"/>
        <line num="123" type="stmt" count="0"/>
        <line num="124" type="stmt" count="0"/>
        <line num="125" type="stmt" count="0"/>
        <line num="129" type="stmt" count="4"/>
        <line num="136" type="method" name="getUsers" visibility="public" complexity="3" crap="12" count="0"/>
        <line num="138" type="stmt" count="0"/>
        <line num="140" type="stmt" count="0"/>
        <line num="141" type="stmt" count="0"/>
        <line num="142" type="stmt" count="0"/>
        <line num="146" type="stmt" count="0"/>
        <line num="154" type="method" name="getUser" visibility="public" complexity="10" crap="110" count="0"/>
        <line num="156" type="stmt" count="0"/>
        <line num="158" type="stmt" count="0"/>
        <line num="159" type="stmt" count="0"/>
        <line num="160" type="stmt" count="0"/>
        <line num="164" type="stmt" count="0"/>
        <line num="166" type="stmt" count="0"/>
        <line num="169" type="stmt" count="0"/>
        <line num="170" type="stmt" count="0"/>
        <line num="171" type="stmt" count="0"/>
        <line num="173" type="stmt" count="0"/>
        <line num="174" type="stmt" count="0"/>
        <line num="176" type="stmt" count="0"/>
        <line num="177" type="stmt" count="0"/>
        <line num="179" type="stmt" count="0"/>
        <line num="182" type="stmt" count="0"/>
        <line num="183" type="stmt" count="0"/>
        <line num="186" type="stmt" count="0"/>
        <line num="187" type="stmt" count="0"/>
        <line num="190" type="stmt" count="0"/>
        <line num="191" type="stmt" count="0"/>
        <line num="192" type="stmt" count="0"/>
        <line num="195" type="stmt" count="0"/>
        <line num="198" type="stmt" count="0"/>
        <line num="205" type="method" name="getSets" visibility="public" complexity="3" crap="3.58" count="1"/>
        <line num="207" type="stmt" count="1"/>
        <line num="209" type="stmt" count="1"/>
        <line num="210" type="stmt" count="0"/>
        <line num="211" type="stmt" count="0"/>
        <line num="215" type="stmt" count="1"/>
        <line num="223" type="method" name="getSet" visibility="public" complexity="4" crap="7.46" count="1"/>
        <line num="225" type="stmt" count="1"/>
        <line num="227" type="stmt" count="0"/>
        <line num="228" type="stmt" count="0"/>
        <line num="229" type="stmt" count="0"/>
        <line num="233" type="stmt" count="1"/>
        <line num="239" type="method" name="getGuildId" visibility="public" complexity="1" crap="1" count="1"/>
        <line num="241" type="stmt" count="1"/>
        <line num="249" type="method" name="getOwnerId" visibility="public" complexity="2" crap="3.69" count="1"/>
        <line num="251" type="stmt" count="1"/>
        <line num="252" type="stmt" count="0"/>
        <line num="253" type="stmt" count="0"/>
        <line num="256" type="stmt" count="0"/>
        <line num="258" type="stmt" count="0"/>
        <line num="259" type="stmt" count="0"/>
        <line num="261" type="stmt" count="0"/>
        <line num="264" type="stmt" count="1"/>
        <line num="274" type="method" name="sendCall" visibility="public" complexity="4" crap="4.13" count="1"/>
        <line num="276" type="stmt" count="1"/>
        <line num="278" type="stmt" count="1"/>
        <line num="279" type="stmt" count="1"/>
        <line num="280" type="stmt" count="0"/>
        <line num="282" type="stmt" count="1"/>
        <line num="283" type="stmt" count="1"/>
        <line num="286" type="stmt" count="1"/>
        <line num="287" type="stmt" count="1"/>
        <line num="288" type="stmt" count="1"/>
        <line num="291" type="stmt" count="0"/>
        <line num="292" type="stmt" count="0"/>
        <line num="296" type="stmt" count="1"/>
        <line num="297" type="stmt" count="1"/>
        <line num="298" type="stmt" count="1"/>
        <line num="301" type="stmt" count="1"/>
        <line num="307" type="method" name="seedMembers" visibility="private" complexity="7" crap="56" count="0"/>
        <line num="309" type="stmt" count="0"/>
        <line num="313" type="stmt" count="0"/>
        <line num="314" type="stmt" count="0"/>
        <line num="317" type="stmt" count="0"/>
        <line num="318" type="stmt" count="0"/>
        <line num="320" type="stmt" count="0"/>
        <line num="322" type="stmt" count="0"/>
        <line num="323" type="stmt" count="0"/>
        <line num="325" type="stmt" count="0"/>
        <line num="327" type="stmt" count="0"/>
        <line num="330" type="stmt" count="0"/>
        <line num="331" type="stmt" count="0"/>
        <line num="333" type="stmt" count="0"/>
        <line num="334" type="stmt" count="0"/>
        <line num="336" type="stmt" count="0"/>
        <line num="337" type="stmt" count="0"/>
        <line num="343" type="method" name="seedRoles" visibility="private" complexity="4" crap="4" count="1"/>
        <line num="345" type="stmt" count="1"/>
        <line num="346" type="stmt" count="1"/>
        <line num="349" type="stmt" count="1"/>
        <line num="350" type="stmt" count="1"/>
        <line num="353" type="stmt" count="1"/>
        <line num="355" type="stmt" count="1"/>
        <line num="356" type="stmt" count="1"/>
        <line num="358" type="stmt" count="1"/>
        <metrics loc="359" ncloc="254" classes="1" methods="11" coveredmethods="2" conditionals="0" coveredconditionals="0" statements="110" coveredstatements="30" elements="121" coveredelements="32"/>
      </file>
      <file name="H:\Users\elfaus\PhpstormProjects\seatng\plugins\seat-discord-connector\src\Driver\DiscordRole.php">
        <class name="Warlof\Seat\Connector\Drivers\Discord\Driver\DiscordRole" namespace="Warlof\Seat\Connector\Drivers\Discord\Driver" fullPackage="Warlof" package="Warlof">
          <metrics complexity="12" methods="7" coveredmethods="3" conditionals="0" coveredconditionals="0" statements="38" coveredstatements="7" elements="45" coveredelements="10"/>
        </class>
        <line num="56" type="method" name="__construct" visibility="public" complexity="1" crap="1" count="2"/>
        <line num="58" type="stmt" count="2"/>
        <line num="59" type="stmt" count="2"/>
        <line num="60" type="stmt" count="2"/>
        <line num="65" type="method" name="getId" visibility="public" complexity="1" crap="1" count="1"/>
        <line num="67" type="stmt" count="1"/>
        <line num="73" type="method" name="getName" visibility="public" complexity="1" crap="2" count="0"/>
        <line num="75" type="stmt" count="0"/>
        <line num="82" type="method" name="getMembers" visibility="public" complexity="2" crap="6" count="0"/>
        <line num="84" type="stmt" count="0"/>
        <line num="85" type="stmt" count="0"/>
        <line num="88" type="stmt" count="0"/>
        <line num="89" type="stmt" count="0"/>
        <line num="92" type="stmt" count="0"/>
        <line num="99" type="method" name="addMember" visibility="public" complexity="3" crap="12" count="0"/>
        <line num="101" type="stmt" count="0"/>
        <line num="102" type="stmt" count="0"/>
        <line num="105" type="stmt" count="0"/>
        <line num="106" type="stmt" count="0"/>
        <line num="107" type="stmt" count="0"/>
        <line num="108" type="stmt" count="0"/>
        <line num="110" type="stmt" count="0"/>
        <line num="111" type="stmt" count="0"/>
        <line num="112" type="stmt" count="0"/>
        <line num="113" type="stmt" count="0"/>
        <line num="117" type="stmt" count="0"/>
        <line num="118" type="stmt" count="0"/>
        <line num="124" type="method" name="removeMember" visibility="public" complexity="3" crap="12" count="0"/>
        <line num="126" type="stmt" count="0"/>
        <line num="127" type="stmt" count="0"/>
        <line num="130" type="stmt" count="0"/>
        <line num="131" type="stmt" count="0"/>
        <line num="132" type="stmt" count="0"/>
        <line num="133" type="stmt" count="0"/>
        <line num="135" type="stmt" count="0"/>
        <line num="136" type="stmt" count="0"/>
        <line num="137" type="stmt" count="0"/>
        <line num="138" type="stmt" count="0"/>
        <line num="139" type="stmt" count="0"/>
        <line num="143" type="stmt" count="0"/>
        <line num="144" type="stmt" count="0"/>
        <line num="150" type="method" name="hydrate" visibility="public" complexity="1" crap="1" count="2"/>
        <line num="152" type="stmt" count="2"/>
        <line num="153" type="stmt" count="2"/>
        <line num="155" type="stmt" count="2"/>
        <metrics loc="157" ncloc="98" classes="1" methods="7" coveredmethods="3" conditionals="0" coveredconditionals="0" statements="38" coveredstatements="7" elements="45" coveredelements="10"/>
      </file>
    </package>
    <file name="H:\Users\elfaus\PhpstormProjects\seatng\plugins\seat-discord-connector\src\Fetchers\IFetcher.php">
      <metrics loc="30" ncloc="13" classes="0" methods="0" coveredmethods="0" conditionals="0" coveredconditionals="0" statements="0" coveredstatements="0" elements="0" coveredelements="0"/>
    </file>
    <metrics files="3" loc="546" ncloc="365" classes="2" methods="18" coveredmethods="5" conditionals="0" coveredconditionals="0" statements="148" coveredstatements="37" elements="166" coveredelements="42"/>
  </project>
</coverage>
